[0m10:57:43.237684 [debug] [MainThread]: Sending event: {'category': 'dbt', 'action': 'invocation', 'label': 'start', 'context': [<snowplow_tracker.self_describing_json.SelfDescribingJson object at 0x10284b670>, <snowplow_tracker.self_describing_json.SelfDescribingJson object at 0x103bb8e50>, <snowplow_tracker.self_describing_json.SelfDescribingJson object at 0x103bc5b80>]}


============================== 10:57:43.240293 | 9c8cd851-7417-404e-97be-a8752d79a5de ==============================
[0m10:57:43.240293 [info ] [MainThread]: Running with dbt=1.5.4
[0m10:57:43.240626 [debug] [MainThread]: running dbt with arguments {'printer_width': '80', 'indirect_selection': 'eager', 'write_json': 'True', 'log_cache_events': 'False', 'partial_parse': 'True', 'cache_selected_only': 'False', 'warn_error': 'None', 'version_check': 'True', 'fail_fast': 'False', 'log_path': 'logs', 'profiles_dir': '/Users/taylorhearn/.dbt', 'debug': 'False', 'use_colors': 'True', 'use_experimental_parser': 'False', 'no_print': 'None', 'quiet': 'False', 'warn_error_options': 'WarnErrorOptions(include=[], exclude=[])', 'static_parser': 'True', 'introspect': 'True', 'log_format': 'default', 'target_path': 'None', 'send_anonymous_usage_stats': 'True'}
[0m10:58:05.103413 [debug] [MainThread]: Starter project path: /opt/homebrew/Cellar/dbt-snowflake/1.5.2/libexec/lib/python3.9/site-packages/dbt/include/starter_project
[0m11:00:43.556446 [info ] [MainThread]: Profile demo_dbt written to /Users/taylorhearn/.dbt/profiles.yml using target's profile_template.yml and your supplied values. Run 'dbt debug' to validate the connection.
[0m11:00:43.560070 [info ] [MainThread]: 
Your new dbt project "demo_dbt" was created!

For more information on how to configure the profiles.yml file,
please consult the dbt documentation here:

  https://docs.getdbt.com/docs/configure-your-profile

One more thing:

Need help? Don't hesitate to reach out to us via GitHub issues or on Slack:

  https://community.getdbt.com/

Happy modeling!

[0m11:00:43.562258 [debug] [MainThread]: Command `dbt init` succeeded at 11:00:43.561949 after 180.33 seconds
[0m11:00:43.563352 [debug] [MainThread]: Sending event: {'category': 'dbt', 'action': 'invocation', 'label': 'end', 'context': [<snowplow_tracker.self_describing_json.SelfDescribingJson object at 0x10284b670>, <snowplow_tracker.self_describing_json.SelfDescribingJson object at 0x102c40d00>, <snowplow_tracker.self_describing_json.SelfDescribingJson object at 0x10040c7f0>]}
[0m11:00:43.564376 [debug] [MainThread]: Flushing usage events
[0m11:30:09.658981 [debug] [MainThread]: Sending event: {'category': 'dbt', 'action': 'invocation', 'label': 'start', 'context': [<snowplow_tracker.self_describing_json.SelfDescribingJson object at 0x1068a3730>, <snowplow_tracker.self_describing_json.SelfDescribingJson object at 0x107c1da60>, <snowplow_tracker.self_describing_json.SelfDescribingJson object at 0x107c0ff10>]}


============================== 11:30:09.662956 | f540af76-faa8-4291-9ff2-73bc80d4dfca ==============================
[0m11:30:09.662956 [info ] [MainThread]: Running with dbt=1.5.4
[0m11:30:09.663279 [debug] [MainThread]: running dbt with arguments {'printer_width': '80', 'indirect_selection': 'eager', 'write_json': 'True', 'log_cache_events': 'False', 'partial_parse': 'True', 'cache_selected_only': 'False', 'profiles_dir': '/Users/taylorhearn/.dbt', 'version_check': 'True', 'warn_error': 'None', 'log_path': 'logs', 'fail_fast': 'False', 'debug': 'False', 'use_colors': 'True', 'use_experimental_parser': 'False', 'no_print': 'None', 'quiet': 'False', 'warn_error_options': 'WarnErrorOptions(include=[], exclude=[])', 'introspect': 'True', 'static_parser': 'True', 'log_format': 'default', 'target_path': 'None', 'send_anonymous_usage_stats': 'True'}
[0m11:30:09.663567 [info ] [MainThread]: dbt version: 1.5.4
[0m11:30:09.663736 [info ] [MainThread]: python version: 3.9.18
[0m11:30:09.663896 [info ] [MainThread]: python path: /opt/homebrew/Cellar/dbt-snowflake/1.5.2/libexec/bin/python
[0m11:30:09.664055 [info ] [MainThread]: os info: macOS-13.0-arm64-arm-64bit
[0m11:30:09.664220 [info ] [MainThread]: Using profiles.yml file at /Users/taylorhearn/.dbt/profiles.yml
[0m11:30:09.664372 [info ] [MainThread]: Using dbt_project.yml file at /Users/taylorhearn/Desktop/GitHub/dbt-tutorial/dbt_project.yml
[0m11:30:09.664522 [info ] [MainThread]: Configuration:
[0m11:30:09.802412 [info ] [MainThread]:   profiles.yml file [[32mOK found and valid[0m]
[0m11:30:09.802708 [info ] [MainThread]:   dbt_project.yml file [[31mERROR not found[0m]
[0m11:30:09.802886 [info ] [MainThread]: Required dependencies:
[0m11:30:09.803085 [debug] [MainThread]: Executing "git --help"
[0m11:30:09.815872 [debug] [MainThread]: STDOUT: "b"usage: git [-v | --version] [-h | --help] [-C <path>] [-c <name>=<value>]\n           [--exec-path[=<path>]] [--html-path] [--man-path] [--info-path]\n           [-p | --paginate | -P | --no-pager] [--no-replace-objects] [--bare]\n           [--git-dir=<path>] [--work-tree=<path>] [--namespace=<name>]\n           [--config-env=<name>=<envvar>] <command> [<args>]\n\nThese are common Git commands used in various situations:\n\nstart a working area (see also: git help tutorial)\n   clone     Clone a repository into a new directory\n   init      Create an empty Git repository or reinitialize an existing one\n\nwork on the current change (see also: git help everyday)\n   add       Add file contents to the index\n   mv        Move or rename a file, a directory, or a symlink\n   restore   Restore working tree files\n   rm        Remove files from the working tree and from the index\n\nexamine the history and state (see also: git help revisions)\n   bisect    Use binary search to find the commit that introduced a bug\n   diff      Show changes between commits, commit and working tree, etc\n   grep      Print lines matching a pattern\n   log       Show commit logs\n   show      Show various types of objects\n   status    Show the working tree status\n\ngrow, mark and tweak your common history\n   branch    List, create, or delete branches\n   commit    Record changes to the repository\n   merge     Join two or more development histories together\n   rebase    Reapply commits on top of another base tip\n   reset     Reset current HEAD to the specified state\n   switch    Switch branches\n   tag       Create, list, delete or verify a tag object signed with GPG\n\ncollaborate (see also: git help workflows)\n   fetch     Download objects and refs from another repository\n   pull      Fetch from and integrate with another repository or a local branch\n   push      Update remote refs along with associated objects\n\n'git help -a' and 'git help -g' list available subcommands and some\nconcept guides. See 'git help <command>' or 'git help <concept>'\nto read about a specific subcommand or concept.\nSee 'git help git' for an overview of the system.\n""
[0m11:30:09.816490 [debug] [MainThread]: STDERR: "b''"
[0m11:30:09.816671 [info ] [MainThread]:  - git [[32mOK found[0m]

[0m11:30:09.816852 [info ] [MainThread]: Connection:
[0m11:30:09.817059 [info ] [MainThread]:   account: xr54542.us-east-2.aws
[0m11:30:09.817215 [info ] [MainThread]:   user: taylor
[0m11:30:09.817365 [info ] [MainThread]:   database: ANALYTICS
[0m11:30:09.817512 [info ] [MainThread]:   schema: taylor_dbt
[0m11:30:09.817658 [info ] [MainThread]:   warehouse: DBT_WH
[0m11:30:09.817805 [info ] [MainThread]:   role: ACCOUNTADMIN
[0m11:30:09.817954 [info ] [MainThread]:   client_session_keep_alive: False
[0m11:30:09.818100 [info ] [MainThread]:   query_tag: None
[0m11:30:09.818625 [info ] [MainThread]: Registered adapter: snowflake=1.5.2
[0m11:30:10.009983 [debug] [MainThread]: Acquiring new snowflake connection 'debug'
[0m11:30:10.012113 [debug] [MainThread]: Using snowflake connection "debug"
[0m11:30:10.012468 [debug] [MainThread]: On debug: select 1 as id
[0m11:30:10.013038 [debug] [MainThread]: Opening a new connection, currently in state init
[0m11:30:16.342724 [debug] [MainThread]: SQL status: SUCCESS 1 in 6.0 seconds
[0m11:30:16.345809 [debug] [MainThread]: On debug: Close
[0m11:30:16.503086 [info ] [MainThread]:   Connection test: [[32mOK connection ok[0m]

[0m11:30:16.504176 [info ] [MainThread]: [31m1 check failed:[0m
[0m11:30:16.504700 [info ] [MainThread]: Could not load dbt_project.yml

[0m11:30:16.505588 [debug] [MainThread]: Command `dbt debug` failed at 11:30:16.505437 after 6.86 seconds
[0m11:30:16.506033 [debug] [MainThread]: Connection 'debug' was properly closed.
[0m11:30:16.506488 [debug] [MainThread]: Sending event: {'category': 'dbt', 'action': 'invocation', 'label': 'end', 'context': [<snowplow_tracker.self_describing_json.SelfDescribingJson object at 0x1068a3730>, <snowplow_tracker.self_describing_json.SelfDescribingJson object at 0x106aadfa0>, <snowplow_tracker.self_describing_json.SelfDescribingJson object at 0x10879d400>]}
[0m11:30:16.507035 [debug] [MainThread]: Flushing usage events
